<?xml version="1.0" encoding="UTF-8"?>
<testsuite name="CardGameTest" tests="1" skipped="0" failures="0" errors="0" timestamp="2022-12-02T20:17:07" hostname="DESKTOP-JA25RKB" time="1.673">
  <properties/>
  <testcase name="start" classname="CardGameTest" time="1.673"/>
  <system-out><![CDATA[?[1;31m
Start test 1?[0m
Indigo Card Game
Play first?
> yes
Initial cards on the table: 4♦ 5♦ Q♥ 2♥
4 cards on the table, and the top card is 2♥
Cards in hand: 1)5♠ 2)7♦ 3)9♠ 4)J♥ 5)10♥ 6)7♣
Choose a card to play (1-6):
> 1

5 cards on the table, and the top card is 5♠
Computer plays A♣

6 cards on the table, and the top card is A♣
Cards in hand: 1)7♦ 2)9♠ 3)J♥ 4)10♥ 5)7♣
Choose a card to play (1-5):
> 1

7 cards on the table, and the top card is 7♦
Computer plays K♠

8 cards on the table, and the top card is K♠
Cards in hand: 1)9♠ 2)J♥ 3)10♥ 4)7♣
Choose a card to play (1-4):
> 1
Player wins cards
Score: Player 3 - Computer 0
Cards: Player 9 - Computer 0
No cards on the table
Computer plays 2♠

1 cards on the table, and the top card is 2♠
Cards in hand: 1)J♥ 2)10♥ 3)7♣
Choose a card to play (1-3):
> 1

2 cards on the table, and the top card is J♥
Computer plays 9♣

3 cards on the table, and the top card is 9♣
Cards in hand: 1)10♥ 2)7♣
Choose a card to play (1-2):
> 1

4 cards on the table, and the top card is 10♥
Computer plays K♦

5 cards on the table, and the top card is K♦
Cards in hand: 1)7♣
Choose a card to play (1-1):
> 1

6 cards on the table, and the top card is 7♣
Computer plays J♠

7 cards on the table, and the top card is J♠
Cards in hand: 1)3♠ 2)8♠ 3)9♦ 4)8♣ 5)7♥ 6)A♠
Choose a card to play (1-6):
> 1
Player wins cards
Score: Player 7 - Computer 0
Cards: Player 17 - Computer 0
No cards on the table
Computer plays 2♣

1 cards on the table, and the top card is 2♣
Cards in hand: 1)8♠ 2)9♦ 3)8♣ 4)7♥ 5)A♠
Choose a card to play (1-5):
> 1

2 cards on the table, and the top card is 8♠
Computer plays 4♣

3 cards on the table, and the top card is 4♣
Cards in hand: 1)9♦ 2)8♣ 3)7♥ 4)A♠
Choose a card to play (1-4):
> 1

4 cards on the table, and the top card is 9♦
Computer plays 4♠

5 cards on the table, and the top card is 4♠
Cards in hand: 1)8♣ 2)7♥ 3)A♠
Choose a card to play (1-3):
> 1

6 cards on the table, and the top card is 8♣
Computer plays 6♣
Computer wins cards
Score: Player 7 - Computer 0
Cards: Player 17 - Computer 7
No cards on the table
Cards in hand: 1)7♥ 2)A♠
Choose a card to play (1-2):
> 1

1 cards on the table, and the top card is 7♥
Computer plays 10♠

2 cards on the table, and the top card is 10♠
Cards in hand: 1)A♠
Choose a card to play (1-1):
> 1
Player wins cards
Score: Player 9 - Computer 0
Cards: Player 20 - Computer 7
No cards on the table
Computer plays A♦

1 cards on the table, and the top card is A♦
Cards in hand: 1)K♥ 2)10♣ 3)6♥ 4)3♦ 5)4♥ 6)9♥
Choose a card to play (1-6):
> 1

2 cards on the table, and the top card is K♥
Computer plays 7♠

3 cards on the table, and the top card is 7♠
Cards in hand: 1)10♣ 2)6♥ 3)3♦ 4)4♥ 5)9♥
Choose a card to play (1-5):
> 1

4 cards on the table, and the top card is 10♣
Computer plays J♣
Computer wins cards
Score: Player 9 - Computer 4
Cards: Player 20 - Computer 12
No cards on the table
Cards in hand: 1)6♥ 2)3♦ 3)4♥ 4)9♥
Choose a card to play (1-4):
> 1

1 cards on the table, and the top card is 6♥
Computer plays 6♠
Computer wins cards
Score: Player 9 - Computer 4
Cards: Player 20 - Computer 14
No cards on the table
Cards in hand: 1)3♦ 2)4♥ 3)9♥
Choose a card to play (1-3):
> 1

1 cards on the table, and the top card is 3♦
Computer plays 3♥
Computer wins cards
Score: Player 9 - Computer 4
Cards: Player 20 - Computer 16
No cards on the table
Cards in hand: 1)4♥ 2)9♥
Choose a card to play (1-2):
> 1

1 cards on the table, and the top card is 4♥
Computer plays 5♥
Computer wins cards
Score: Player 9 - Computer 4
Cards: Player 20 - Computer 18
No cards on the table
Cards in hand: 1)9♥
Choose a card to play (1-1):
> 1

1 cards on the table, and the top card is 9♥
Computer plays 5♣

2 cards on the table, and the top card is 5♣
Cards in hand: 1)8♦ 2)A♥ 3)8♥ 4)K♣ 5)3♣ 6)2♦
Choose a card to play (1-6):
> 1

3 cards on the table, and the top card is 8♦
Computer plays 10♦
Computer wins cards
Score: Player 9 - Computer 5
Cards: Player 20 - Computer 22
No cards on the table
Cards in hand: 1)A♥ 2)8♥ 3)K♣ 4)3♣ 5)2♦
Choose a card to play (1-5):
> 1

1 cards on the table, and the top card is A♥
Computer plays 6♦

2 cards on the table, and the top card is 6♦
Cards in hand: 1)8♥ 2)K♣ 3)3♣ 4)2♦
Choose a card to play (1-4):
> 1

3 cards on the table, and the top card is 8♥
Computer plays J♦

4 cards on the table, and the top card is J♦
Cards in hand: 1)K♣ 2)3♣ 3)2♦
Choose a card to play (1-3):
> 1

5 cards on the table, and the top card is K♣
Computer plays Q♦

6 cards on the table, and the top card is Q♦
Cards in hand: 1)3♣ 2)2♦
Choose a card to play (1-2):
> 1

7 cards on the table, and the top card is 3♣
Computer plays Q♠

8 cards on the table, and the top card is Q♠
Cards in hand: 1)2♦
Choose a card to play (1-1):
> 1

9 cards on the table, and the top card is 2♦
Computer plays Q♣

10 cards on the table, and the top card is Q♣
Score: Player 9 - Computer 14
Cards: Player 20 - Computer 32
Game Over
?[1;31m
Start test 2?[0m
Indigo Card Game
Play first?
> yes
Initial cards on the table: 10♥ 9♦ 3♠ 6♦
4 cards on the table, and the top card is 6♦
Cards in hand: 1)6♠ 2)K♦ 3)5♣ 4)6♥ 5)9♥ 6)K♣
Choose a card to play (1-6):
> 6

5 cards on the table, and the top card is K♣
Computer plays 7♣
Computer wins cards
Score: Player 0 - Computer 2
Cards: Player 0 - Computer 6
No cards on the table
Cards in hand: 1)6♠ 2)K♦ 3)5♣ 4)6♥ 5)9♥
Choose a card to play (1-5):
> 5

1 cards on the table, and the top card is 9♥
Computer plays 4♣

2 cards on the table, and the top card is 4♣
Cards in hand: 1)6♠ 2)K♦ 3)5♣ 4)6♥
Choose a card to play (1-4):
> 4

3 cards on the table, and the top card is 6♥
Computer plays 7♦

4 cards on the table, and the top card is 7♦
Cards in hand: 1)6♠ 2)K♦ 3)5♣
Choose a card to play (1-3):
> 3

5 cards on the table, and the top card is 5♣
Computer plays 10♦

6 cards on the table, and the top card is 10♦
Cards in hand: 1)6♠ 2)K♦
Choose a card to play (1-2):
> 2
Player wins cards
Score: Player 2 - Computer 2
Cards: Player 7 - Computer 6
No cards on the table
Computer plays 3♣

1 cards on the table, and the top card is 3♣
Cards in hand: 1)6♠
Choose a card to play (1-1):
> 1

2 cards on the table, and the top card is 6♠
Computer plays 2♠
Computer wins cards
Score: Player 2 - Computer 2
Cards: Player 7 - Computer 9
No cards on the table
Cards in hand: 1)7♠ 2)Q♥ 3)J♠ 4)9♣ 5)8♠ 6)A♣
Choose a card to play (1-6):
> 6

1 cards on the table, and the top card is A♣
Computer plays 9♠

2 cards on the table, and the top card is 9♠
Cards in hand: 1)7♠ 2)Q♥ 3)J♠ 4)9♣ 5)8♠
Choose a card to play (1-5):
> 5
Player wins cards
Score: Player 3 - Computer 2
Cards: Player 10 - Computer 9
No cards on the table
Computer plays A♦

1 cards on the table, and the top card is A♦
Cards in hand: 1)7♠ 2)Q♥ 3)J♠ 4)9♣
Choose a card to play (1-4):
> 4

2 cards on the table, and the top card is 9♣
Computer plays 2♥

3 cards on the table, and the top card is 2♥
Cards in hand: 1)7♠ 2)Q♥ 3)J♠
Choose a card to play (1-3):
> 3

4 cards on the table, and the top card is J♠
Computer plays J♥
Computer wins cards
Score: Player 3 - Computer 5
Cards: Player 10 - Computer 14
No cards on the table
Cards in hand: 1)7♠ 2)Q♥
Choose a card to play (1-2):
> 2

1 cards on the table, and the top card is Q♥
Computer plays 7♥
Computer wins cards
Score: Player 3 - Computer 6
Cards: Player 10 - Computer 16
No cards on the table
Cards in hand: 1)7♠
Choose a card to play (1-1):
> 1

1 cards on the table, and the top card is 7♠
Computer plays 5♥

2 cards on the table, and the top card is 5♥
Cards in hand: 1)3♦ 2)4♦ 3)2♦ 4)10♠ 5)2♣ 6)8♦
Choose a card to play (1-6):
> 6

3 cards on the table, and the top card is 8♦
Computer plays Q♦
Computer wins cards
Score: Player 3 - Computer 7
Cards: Player 10 - Computer 20
No cards on the table
Cards in hand: 1)3♦ 2)4♦ 3)2♦ 4)10♠ 5)2♣
Choose a card to play (1-5):
> 5

1 cards on the table, and the top card is 2♣
Computer plays 5♠

2 cards on the table, and the top card is 5♠
Cards in hand: 1)3♦ 2)4♦ 3)2♦ 4)10♠
Choose a card to play (1-4):
> 4
Player wins cards
Score: Player 4 - Computer 7
Cards: Player 13 - Computer 20
No cards on the table
Computer plays 4♥

1 cards on the table, and the top card is 4♥
Cards in hand: 1)3♦ 2)4♦ 3)2♦
Choose a card to play (1-3):
> 3

2 cards on the table, and the top card is 2♦
Computer plays A♠

3 cards on the table, and the top card is A♠
Cards in hand: 1)3♦ 2)4♦
Choose a card to play (1-2):
> 2

4 cards on the table, and the top card is 4♦
Computer plays 4♠
Computer wins cards
Score: Player 4 - Computer 8
Cards: Player 13 - Computer 25
No cards on the table
Cards in hand: 1)3♦
Choose a card to play (1-1):
> 1

1 cards on the table, and the top card is 3♦
Computer plays 10♣

2 cards on the table, and the top card is 10♣
Cards in hand: 1)A♥ 2)5♦ 3)8♥ 4)K♥ 5)J♦ 6)K♠
Choose a card to play (1-6):
> 6

3 cards on the table, and the top card is K♠
Computer plays 3♥

4 cards on the table, and the top card is 3♥
Cards in hand: 1)A♥ 2)5♦ 3)8♥ 4)K♥ 5)J♦
Choose a card to play (1-5):
> 5

5 cards on the table, and the top card is J♦
Computer plays Q♠

6 cards on the table, and the top card is Q♠
Cards in hand: 1)A♥ 2)5♦ 3)8♥ 4)K♥
Choose a card to play (1-4):
> 4

7 cards on the table, and the top card is K♥
Computer plays J♣

8 cards on the table, and the top card is J♣
Cards in hand: 1)A♥ 2)5♦ 3)8♥
Choose a card to play (1-3):
> 3

9 cards on the table, and the top card is 8♥
Computer plays 8♣
Computer wins cards
Score: Player 4 - Computer 14
Cards: Player 13 - Computer 35
No cards on the table
Cards in hand: 1)A♥ 2)5♦
Choose a card to play (1-2):
> 2

1 cards on the table, and the top card is 5♦
Computer plays 6♣

2 cards on the table, and the top card is 6♣
Cards in hand: 1)A♥
Choose a card to play (1-1):
> 1

3 cards on the table, and the top card is A♥
Computer plays Q♣

4 cards on the table, and the top card is Q♣
Score: Player 4 - Computer 19
Cards: Player 13 - Computer 39
Game Over
?[1;31m
Start test 3?[0m
Indigo Card Game
Play first?
> Hello
Play first?
> me
Play first?
> 0
Play first?
> play
Play first?
> yes
Initial cards on the table: 10♦ 8♠ 5♦ 9♠
4 cards on the table, and the top card is 9♠
Cards in hand: 1)K♥ 2)3♦ 3)9♣ 4)6♥ 5)7♣ 6)10♠
Choose a card to play (1-6):
> exit
Game Over
?[1;31m
Start test 4?[0m
Indigo Card Game
Play first?
> no
Initial cards on the table: 4♣ J♠ 3♣ 3♦
4 cards on the table, and the top card is 3♦
Computer plays 7♦
Computer wins cards
Score: Player 0 - Computer 1
Cards: Player 0 - Computer 5
No cards on the table
Cards in hand: 1)K♦ 2)8♣ 3)A♠ 4)10♣ 5)7♠ 6)5♣
Choose a card to play (1-6):
> 1

1 cards on the table, and the top card is K♦
Computer plays 6♠

2 cards on the table, and the top card is 6♠
Cards in hand: 1)8♣ 2)A♠ 3)10♣ 4)7♠ 5)5♣
Choose a card to play (1-5):
> 1

3 cards on the table, and the top card is 8♣
Computer plays 8♥
Computer wins cards
Score: Player 0 - Computer 2
Cards: Player 0 - Computer 9
No cards on the table
Cards in hand: 1)A♠ 2)10♣ 3)7♠ 4)5♣
Choose a card to play (1-4):
> 1

1 cards on the table, and the top card is A♠
Computer plays 2♦

2 cards on the table, and the top card is 2♦
Cards in hand: 1)10♣ 2)7♠ 3)5♣
Choose a card to play (1-3):
> 1

3 cards on the table, and the top card is 10♣
Computer plays 4♦

4 cards on the table, and the top card is 4♦
Cards in hand: 1)7♠ 2)5♣
Choose a card to play (1-2):
> 1

5 cards on the table, and the top card is 7♠
Computer plays 9♣

6 cards on the table, and the top card is 9♣
Cards in hand: 1)5♣
Choose a card to play (1-1):
> 1
Player wins cards
Score: Player 2 - Computer 2
Cards: Player 7 - Computer 9
No cards on the table
Computer plays J♦

1 cards on the table, and the top card is J♦
Cards in hand: 1)5♥ 2)6♣ 3)2♥ 4)4♠ 5)A♣ 6)K♣
Choose a card to play (1-6):
> 1

2 cards on the table, and the top card is 5♥
Computer plays 2♠

3 cards on the table, and the top card is 2♠
Cards in hand: 1)6♣ 2)2♥ 3)4♠ 4)A♣ 5)K♣
Choose a card to play (1-5):
> 1

4 cards on the table, and the top card is 6♣
Computer plays Q♣
Computer wins cards
Score: Player 2 - Computer 4
Cards: Player 7 - Computer 14
No cards on the table
Cards in hand: 1)2♥ 2)4♠ 3)A♣ 4)K♣
Choose a card to play (1-4):
> 1

1 cards on the table, and the top card is 2♥
Computer plays 5♦

2 cards on the table, and the top card is 5♦
Cards in hand: 1)4♠ 2)A♣ 3)K♣
Choose a card to play (1-3):
> 1

3 cards on the table, and the top card is 4♠
Computer plays K♠
Computer wins cards
Score: Player 2 - Computer 5
Cards: Player 7 - Computer 18
No cards on the table
Cards in hand: 1)A♣ 2)K♣
Choose a card to play (1-2):
> 1

1 cards on the table, and the top card is A♣
Computer plays 8♠

2 cards on the table, and the top card is 8♠
Cards in hand: 1)K♣
Choose a card to play (1-1):
> 1

3 cards on the table, and the top card is K♣
Computer plays 7♥

4 cards on the table, and the top card is 7♥
Cards in hand: 1)10♦ 2)3♥ 3)9♥ 4)5♠ 5)10♥ 6)J♥
Choose a card to play (1-6):
> 1

5 cards on the table, and the top card is 10♦
Computer plays 6♦
Computer wins cards
Score: Player 2 - Computer 8
Cards: Player 7 - Computer 24
No cards on the table
Cards in hand: 1)3♥ 2)9♥ 3)5♠ 4)10♥ 5)J♥
Choose a card to play (1-5):
> 1

1 cards on the table, and the top card is 3♥
Computer plays 6♥
Computer wins cards
Score: Player 2 - Computer 8
Cards: Player 7 - Computer 26
No cards on the table
Cards in hand: 1)9♥ 2)5♠ 3)10♥ 4)J♥
Choose a card to play (1-4):
> 1

1 cards on the table, and the top card is 9♥
Computer plays Q♥
Computer wins cards
Score: Player 2 - Computer 9
Cards: Player 7 - Computer 28
No cards on the table
Cards in hand: 1)5♠ 2)10♥ 3)J♥
Choose a card to play (1-3):
> 1

1 cards on the table, and the top card is 5♠
Computer plays K♥

2 cards on the table, and the top card is K♥
Cards in hand: 1)10♥ 2)J♥
Choose a card to play (1-2):
> 1
Player wins cards
Score: Player 4 - Computer 9
Cards: Player 10 - Computer 28
No cards on the table
Computer plays Q♠

1 cards on the table, and the top card is Q♠
Cards in hand: 1)J♥
Choose a card to play (1-1):
> 1

2 cards on the table, and the top card is J♥
Computer plays 10♠

3 cards on the table, and the top card is 10♠
Cards in hand: 1)8♦ 2)7♣ 3)A♦ 4)Q♦ 5)9♠ 6)A♥
Choose a card to play (1-6):
> 1

4 cards on the table, and the top card is 8♦
Computer plays 9♦
Computer wins cards
Score: Player 4 - Computer 12
Cards: Player 10 - Computer 33
No cards on the table
Cards in hand: 1)7♣ 2)A♦ 3)Q♦ 4)9♠ 5)A♥
Choose a card to play (1-5):
> 1

1 cards on the table, and the top card is 7♣
Computer plays 4♥

2 cards on the table, and the top card is 4♥
Cards in hand: 1)A♦ 2)Q♦ 3)9♠ 4)A♥
Choose a card to play (1-4):
> 1

3 cards on the table, and the top card is A♦
Computer plays 2♣

4 cards on the table, and the top card is 2♣
Cards in hand: 1)Q♦ 2)9♠ 3)A♥
Choose a card to play (1-3):
> 1

5 cards on the table, and the top card is Q♦
Computer plays 3♠

6 cards on the table, and the top card is 3♠
Cards in hand: 1)9♠ 2)A♥
Choose a card to play (1-2):
> 1
Player wins cards
Score: Player 6 - Computer 12
Cards: Player 17 - Computer 33
No cards on the table
Computer plays J♣

1 cards on the table, and the top card is J♣
Cards in hand: 1)A♥
Choose a card to play (1-1):
> 1

2 cards on the table, and the top card is A♥
Score: Player 8 - Computer 15
Cards: Player 19 - Computer 33
Game Over
?[1;31m
Start test 5?[0m
Indigo Card Game
Play first?
> no
Initial cards on the table: 8♥ 7♣ Q♦ 6♣
4 cards on the table, and the top card is 6♣
Computer plays 8♣
Computer wins cards
Score: Player 0 - Computer 1
Cards: Player 0 - Computer 5
No cards on the table
Cards in hand: 1)4♦ 2)10♠ 3)9♦ 4)K♠ 5)5♥ 6)2♥
Choose a card to play (1-6):
> 6

1 cards on the table, and the top card is 2♥
Computer plays 3♠

2 cards on the table, and the top card is 3♠
Cards in hand: 1)4♦ 2)10♠ 3)9♦ 4)K♠ 5)5♥
Choose a card to play (1-5):
> 5

3 cards on the table, and the top card is 5♥
Computer plays A♠

4 cards on the table, and the top card is A♠
Cards in hand: 1)4♦ 2)10♠ 3)9♦ 4)K♠
Choose a card to play (1-4):
> 4
Player wins cards
Score: Player 2 - Computer 1
Cards: Player 5 - Computer 5
No cards on the table
Computer plays 7♥

1 cards on the table, and the top card is 7♥
Cards in hand: 1)4♦ 2)10♠ 3)9♦
Choose a card to play (1-3):
> 3

2 cards on the table, and the top card is 9♦
Computer plays J♣

3 cards on the table, and the top card is J♣
Cards in hand: 1)4♦ 2)10♠
Choose a card to play (1-2):
> 2

4 cards on the table, and the top card is 10♠
Computer plays K♣

5 cards on the table, and the top card is K♣
Cards in hand: 1)4♦
Choose a card to play (1-1):
> 1

6 cards on the table, and the top card is 4♦
Computer plays 5♣

7 cards on the table, and the top card is 5♣
Cards in hand: 1)K♦ 2)Q♠ 3)10♦ 4)10♥ 5)5♠ 6)Q♣
Choose a card to play (1-6):
> 6
Player wins cards
Score: Player 6 - Computer 1
Cards: Player 13 - Computer 5
No cards on the table
Computer plays 4♣

1 cards on the table, and the top card is 4♣
Cards in hand: 1)K♦ 2)Q♠ 3)10♦ 4)10♥ 5)5♠
Choose a card to play (1-5):
> 5

2 cards on the table, and the top card is 5♠
Computer plays A♦

3 cards on the table, and the top card is A♦
Cards in hand: 1)K♦ 2)Q♠ 3)10♦ 4)10♥
Choose a card to play (1-4):
> 4

4 cards on the table, and the top card is 10♥
Computer plays 3♥
Computer wins cards
Score: Player 6 - Computer 3
Cards: Player 13 - Computer 10
No cards on the table
Cards in hand: 1)K♦ 2)Q♠ 3)10♦
Choose a card to play (1-3):
> 3

1 cards on the table, and the top card is 10♦
Computer plays K♥

2 cards on the table, and the top card is K♥
Cards in hand: 1)K♦ 2)Q♠
Choose a card to play (1-2):
> 2

3 cards on the table, and the top card is Q♠
Computer plays 8♠
Computer wins cards
Score: Player 6 - Computer 6
Cards: Player 13 - Computer 14
No cards on the table
Cards in hand: 1)K♦
Choose a card to play (1-1):
> 1

1 cards on the table, and the top card is K♦
Computer plays 6♦
Computer wins cards
Score: Player 6 - Computer 7
Cards: Player 13 - Computer 16
No cards on the table
Cards in hand: 1)3♣ 2)Q♥ 3)A♣ 4)10♣ 5)3♦ 6)8♦
Choose a card to play (1-6):
> 6

1 cards on the table, and the top card is 8♦
Computer plays 2♠

2 cards on the table, and the top card is 2♠
Cards in hand: 1)3♣ 2)Q♥ 3)A♣ 4)10♣ 5)3♦
Choose a card to play (1-5):
> 5

3 cards on the table, and the top card is 3♦
Computer plays 4♥

4 cards on the table, and the top card is 4♥
Cards in hand: 1)3♣ 2)Q♥ 3)A♣ 4)10♣
Choose a card to play (1-4):
> 4

5 cards on the table, and the top card is 10♣
Computer plays 6♥

6 cards on the table, and the top card is 6♥
Cards in hand: 1)3♣ 2)Q♥ 3)A♣
Choose a card to play (1-3):
> 3

7 cards on the table, and the top card is A♣
Computer plays 2♦

8 cards on the table, and the top card is 2♦
Cards in hand: 1)3♣ 2)Q♥
Choose a card to play (1-2):
> 2

9 cards on the table, and the top card is Q♥
Computer plays 9♠

10 cards on the table, and the top card is 9♠
Cards in hand: 1)3♣
Choose a card to play (1-1):
> 1

11 cards on the table, and the top card is 3♣
Computer plays 6♠

12 cards on the table, and the top card is 6♠
Cards in hand: 1)2♣ 2)4♠ 3)A♥ 4)7♦ 5)J♦ 6)5♦
Choose a card to play (1-6):
> 6

13 cards on the table, and the top card is 5♦
Computer plays 9♣

14 cards on the table, and the top card is 9♣
Cards in hand: 1)2♣ 2)4♠ 3)A♥ 4)7♦ 5)J♦
Choose a card to play (1-5):
> 5

15 cards on the table, and the top card is J♦
Computer plays J♠
Computer wins cards
Score: Player 6 - Computer 12
Cards: Player 13 - Computer 32
No cards on the table
Cards in hand: 1)2♣ 2)4♠ 3)A♥ 4)7♦
Choose a card to play (1-4):
> 4

1 cards on the table, and the top card is 7♦
Computer plays J♥

2 cards on the table, and the top card is J♥
Cards in hand: 1)2♣ 2)4♠ 3)A♥
Choose a card to play (1-3):
> 3
Player wins cards
Score: Player 8 - Computer 12
Cards: Player 16 - Computer 32
No cards on the table
Computer plays 7♠

1 cards on the table, and the top card is 7♠
Cards in hand: 1)2♣ 2)4♠
Choose a card to play (1-2):
> 2
Player wins cards
Score: Player 8 - Computer 12
Cards: Player 18 - Computer 32
No cards on the table
Computer plays 9♥

1 cards on the table, and the top card is 9♥
Cards in hand: 1)2♣
Choose a card to play (1-1):
> 1

2 cards on the table, and the top card is 2♣
Score: Player 8 - Computer 15
Cards: Player 20 - Computer 32
Game Over
?[1;31m
Start test 6?[0m
Indigo Card Game
Play first?
> yes
Initial cards on the table: Q♥ J♥ 10♠ 7♣
4 cards on the table, and the top card is 7♣
Cards in hand: 1)8♣ 2)8♠ 3)2♠ 4)3♠ 5)J♠ 6)6♥
Choose a card to play (1-6):
> 0
Choose a card to play (1-6):
> 7
Choose a card to play (1-6):
> One
Choose a card to play (1-6):
> exit
Game Over
]]></system-out>
  <system-err><![CDATA[]]></system-err>
</testsuite>
